2025-11-27 11:19:36,047 - INFO - [screen_translator.py:337] - 程序启动初始化...
2025-11-27 11:19:36,156 - INFO - [screen_translator.py:79] - 配置加载成功
2025-11-27 11:19:38,424 - INFO - [screen_translator.py:393] - 触发翻译
2025-11-27 11:19:38,520 - INFO - [screen_translator.py:117] - 开始处理翻译任务...
2025-11-27 11:19:38,520 - ERROR - [screen_translator.py:168] - 翻译任务发生未知异常
Traceback (most recent call last):
  File "/Users/zhoufan/PycharmProjects/OpenAzerothLink/screen_translator.py", line 121, in run
    self.pixmap.save(buffer, "PNG")
    ~~~~~~~~~~~~~~~~^^^^^^^^^^^^^^^
TypeError: arguments did not match any overloaded call:
  save(self, fileName: Optional[str], format: Optional[str] = None, quality: int = -1): argument 1 has unexpected type '_io.BytesIO'
  save(self, device: Optional[QIODevice], format: Optional[str] = None, quality: int = -1): argument 1 has unexpected type '_io.BytesIO'
2025-11-27 11:22:11,180 - INFO - [screen_translator.py:345] - 程序启动初始化...
2025-11-27 11:22:11,295 - INFO - [screen_translator.py:79] - 配置加载成功
2025-11-27 11:22:12,573 - INFO - [screen_translator.py:401] - 触发翻译
2025-11-27 11:22:12,667 - INFO - [screen_translator.py:117] - 开始处理翻译任务...
2025-11-27 11:22:12,667 - ERROR - [screen_translator.py:124] - 图像处理错误,请确保权限是否正常赋予。
Traceback (most recent call last):
  File "/Users/zhoufan/PycharmProjects/OpenAzerothLink/screen_translator.py", line 121, in run
    self.pixmap.save(buffer, "PNG")
    ~~~~~~~~~~~~~~~~^^^^^^^^^^^^^^^
TypeError: arguments did not match any overloaded call:
  save(self, fileName: Optional[str], format: Optional[str] = None, quality: int = -1): argument 1 has unexpected type '_io.BytesIO'
  save(self, device: Optional[QIODevice], format: Optional[str] = None, quality: int = -1): argument 1 has unexpected type '_io.BytesIO'
2025-11-27 11:24:38,516 - INFO - [screen_translator.py:347] - 程序启动初始化...
2025-11-27 11:24:38,740 - INFO - [screen_translator.py:80] - 配置加载成功
2025-11-27 11:24:41,051 - INFO - [screen_translator.py:403] - 触发翻译
2025-11-27 11:24:41,133 - INFO - [screen_translator.py:118] - 开始处理翻译任务...
2025-11-27 11:24:41,253 - ERROR - [screen_translator.py:179] - 翻译任务发生未知异常
Traceback (most recent call last):
  File "/Users/zhoufan/PycharmProjects/OpenAzerothLink/screen_translator.py", line 131, in run
    image = Image.open(pil_bytes)
  File "/Users/zhoufan/PycharmProjects/OpenAzerothLink/.venv/lib/python3.13/site-packages/PIL/Image.py", line 3560, in open
    raise UnidentifiedImageError(msg)
PIL.UnidentifiedImageError: cannot identify image file <_io.BytesIO object at 0x11acd4400>
2025-11-27 11:25:12,958 - INFO - [screen_translator.py:347] - 程序启动初始化...
2025-11-27 11:25:13,074 - INFO - [screen_translator.py:80] - 配置加载成功
2025-11-27 11:25:14,251 - INFO - [screen_translator.py:403] - 触发翻译
2025-11-27 11:25:14,326 - INFO - [screen_translator.py:118] - 开始处理翻译任务...
2025-11-27 11:25:38,606 - ERROR - [screen_translator.py:179] - 翻译任务发生未知异常
Traceback (most recent call last):
  File "/Users/zhoufan/PycharmProjects/OpenAzerothLink/screen_translator.py", line 131, in run
    image = Image.open(pil_bytes)
  File "/Users/zhoufan/PycharmProjects/OpenAzerothLink/.venv/lib/python3.13/site-packages/PIL/Image.py", line 3560, in open
    raise UnidentifiedImageError(msg)
PIL.UnidentifiedImageError: cannot identify image file <_io.BytesIO object at 0x11d3ccef0>
2025-11-27 11:25:59,787 - INFO - [screen_translator.py:386] - 用户开始选择区域
2025-11-27 11:26:01,336 - INFO - [screen_translator.py:392] - 区域已更新: PyQt6.QtCore.QRect(668, 325, 303, 63)
2025-11-27 11:26:01,339 - INFO - [screen_translator.py:92] - 配置保存成功
2025-11-27 11:26:03,282 - INFO - [screen_translator.py:403] - 触发翻译
2025-11-27 11:26:03,315 - INFO - [screen_translator.py:118] - 开始处理翻译任务...
2025-11-27 11:26:23,468 - INFO - [screen_translator.py:403] - 触发翻译
2025-11-27 11:26:23,520 - INFO - [screen_translator.py:118] - 开始处理翻译任务...
2025-11-27 11:26:23,521 - ERROR - [screen_translator.py:179] - 翻译任务发生未知异常
Traceback (most recent call last):
  File "/Users/zhoufan/PycharmProjects/OpenAzerothLink/screen_translator.py", line 131, in run
    image = Image.open(pil_bytes)
  File "/Users/zhoufan/PycharmProjects/OpenAzerothLink/.venv/lib/python3.13/site-packages/PIL/Image.py", line 3560, in open
    raise UnidentifiedImageError(msg)
PIL.UnidentifiedImageError: cannot identify image file <_io.BytesIO object at 0x135335530>
2025-11-27 11:26:24,954 - INFO - [screen_translator.py:403] - 触发翻译
2025-11-27 11:26:24,997 - INFO - [screen_translator.py:118] - 开始处理翻译任务...
2025-11-27 11:26:24,998 - ERROR - [screen_translator.py:179] - 翻译任务发生未知异常
Traceback (most recent call last):
  File "/Users/zhoufan/PycharmProjects/OpenAzerothLink/screen_translator.py", line 131, in run
    image = Image.open(pil_bytes)
  File "/Users/zhoufan/PycharmProjects/OpenAzerothLink/.venv/lib/python3.13/site-packages/PIL/Image.py", line 3560, in open
    raise UnidentifiedImageError(msg)
PIL.UnidentifiedImageError: cannot identify image file <_io.BytesIO object at 0x135335800>
2025-11-27 11:28:17,645 - INFO - [screen_translator.py:339] - 程序启动初始化...
2025-11-27 11:28:17,735 - INFO - [screen_translator.py:80] - 配置加载成功
2025-11-27 11:28:19,083 - INFO - [screen_translator.py:395] - 触发翻译
2025-11-27 11:28:31,237 - INFO - [screen_translator.py:339] - 程序启动初始化...
2025-11-27 11:28:31,325 - INFO - [screen_translator.py:80] - 配置加载成功
2025-11-27 11:28:32,516 - INFO - [screen_translator.py:395] - 触发翻译
2025-11-27 11:30:22,888 - INFO - [screen_translator.py:339] - 程序启动初始化...
2025-11-27 11:30:23,008 - INFO - [screen_translator.py:80] - 配置加载成功
2025-11-27 11:30:30,248 - INFO - [screen_translator.py:339] - 程序启动初始化...
2025-11-27 11:30:30,323 - INFO - [screen_translator.py:80] - 配置加载成功
2025-11-27 11:30:32,034 - INFO - [screen_translator.py:401] - 触发翻译
2025-11-27 11:30:41,239 - INFO - [screen_translator.py:339] - 程序启动初始化...
2025-11-27 11:30:41,310 - INFO - [screen_translator.py:80] - 配置加载成功
2025-11-27 11:30:44,266 - INFO - [screen_translator.py:401] - 触发翻译
2025-11-27 11:31:48,658 - INFO - [screen_translator.py:339] - 程序启动初始化...
2025-11-27 11:31:48,774 - INFO - [screen_translator.py:80] - 配置加载成功
2025-11-27 11:31:53,566 - INFO - [screen_translator.py:401] - 触发翻译
2025-11-27 11:31:53,567 - INFO - [screen_translator.py:408] - 开始截图
2025-11-27 11:32:13,071 - INFO - [screen_translator.py:339] - 程序启动初始化...
2025-11-27 11:32:13,174 - INFO - [screen_translator.py:80] - 配置加载成功
2025-11-27 11:32:15,198 - INFO - [screen_translator.py:401] - 触发翻译
2025-11-27 11:32:15,198 - INFO - [screen_translator.py:408] - 开始截图
2025-11-27 11:32:15,251 - INFO - [screen_translator.py:412] - 截图完成
2025-11-27 15:33:11,200 - INFO - [screen_translator.py:337] - 程序启动初始化...
2025-11-27 15:33:11,387 - INFO - [screen_translator.py:78] - 配置加载成功
2025-11-27 15:33:14,587 - INFO - [screen_translator.py:399] - 触发翻译
2025-11-27 15:33:14,587 - INFO - [screen_translator.py:406] - 开始截图
2025-11-27 15:33:14,684 - INFO - [screen_translator.py:410] - 截图完成
2025-11-27 15:34:14,041 - INFO - [screen_translator.py:337] - 程序启动初始化...
2025-11-27 15:34:14,168 - INFO - [screen_translator.py:78] - 配置加载成功
2025-11-27 15:36:31,560 - INFO - [screen_translator.py:337] - 程序启动初始化...
2025-11-27 15:36:31,655 - INFO - [screen_translator.py:78] - 配置加载成功
2025-11-27 15:36:34,597 - INFO - [screen_translator.py:399] - 触发翻译
2025-11-27 15:36:34,597 - INFO - [screen_translator.py:406] - 开始截图
2025-11-27 15:36:34,694 - INFO - [screen_translator.py:410] - 截图完成
2025-11-27 15:37:30,936 - INFO - [screen_translator.py:337] - 程序启动初始化...
2025-11-27 15:37:31,056 - INFO - [screen_translator.py:78] - 配置加载成功
2025-11-27 15:37:32,409 - INFO - [screen_translator.py:399] - 触发翻译
2025-11-27 15:37:32,409 - INFO - [screen_translator.py:406] - 开始截图
2025-11-27 15:37:32,475 - INFO - [screen_translator.py:410] - 截图完成
2025-11-27 15:37:32,475 - INFO - [screen_translator.py:415] - 截图成功
2025-11-27 15:37:32,517 - INFO - [screen_translator.py:120] - 开始处理翻译任务...
2025-11-27 15:37:32,580 - ERROR - [screen_translator.py:128] - PIL 读取图像失败
Traceback (most recent call last):
  File "/Users/zhoufan/PycharmProjects/OpenAzerothLink/screen_translator.py", line 126, in run
    image = Image.open(pil_bytes)
  File "/Users/zhoufan/PycharmProjects/OpenAzerothLink/.venv/lib/python3.13/site-packages/PIL/Image.py", line 3560, in open
    raise UnidentifiedImageError(msg)
PIL.UnidentifiedImageError: cannot identify image file <_io.BytesIO object at 0x11ae787c0>
2025-11-27 15:37:57,275 - INFO - [screen_translator.py:399] - 触发翻译
2025-11-27 15:37:57,276 - INFO - [screen_translator.py:406] - 开始截图
2025-11-27 15:37:57,312 - INFO - [screen_translator.py:410] - 截图完成
2025-11-27 15:37:57,312 - INFO - [screen_translator.py:415] - 截图成功
2025-11-27 15:38:02,173 - INFO - [screen_translator.py:337] - 程序启动初始化...
2025-11-27 15:38:02,267 - INFO - [screen_translator.py:78] - 配置加载成功
2025-11-27 15:38:05,444 - INFO - [screen_translator.py:399] - 触发翻译
2025-11-27 15:38:05,445 - INFO - [screen_translator.py:406] - 开始截图
2025-11-27 15:38:05,534 - INFO - [screen_translator.py:410] - 截图完成
2025-11-27 15:38:05,534 - INFO - [screen_translator.py:415] - 截图成功
2025-11-27 15:38:38,347 - INFO - [screen_translator.py:337] - 程序启动初始化...
2025-11-27 15:38:38,484 - INFO - [screen_translator.py:78] - 配置加载成功
2025-11-27 15:38:40,556 - INFO - [screen_translator.py:399] - 触发翻译
2025-11-27 15:38:40,556 - INFO - [screen_translator.py:406] - 开始截图
2025-11-27 15:38:40,642 - INFO - [screen_translator.py:410] - 截图完成
2025-11-27 15:38:40,642 - INFO - [screen_translator.py:415] - 截图成功
2025-11-27 15:38:53,565 - INFO - [screen_translator.py:337] - 程序启动初始化...
2025-11-27 15:38:53,657 - INFO - [screen_translator.py:78] - 配置加载成功
2025-11-27 15:39:02,407 - INFO - [screen_translator.py:399] - 触发翻译
2025-11-27 15:39:02,408 - INFO - [screen_translator.py:406] - 开始截图
2025-11-27 15:39:02,497 - INFO - [screen_translator.py:410] - 截图完成
2025-11-27 15:39:02,497 - INFO - [screen_translator.py:415] - 截图成功
2025-11-27 15:39:02,497 - INFO - [screen_translator.py:419] - 转换为Bytes
2025-11-27 15:39:15,850 - INFO - [screen_translator.py:337] - 程序启动初始化...
2025-11-27 15:39:15,949 - INFO - [screen_translator.py:78] - 配置加载成功
2025-11-27 15:39:17,772 - INFO - [screen_translator.py:399] - 触发翻译
2025-11-27 15:39:17,772 - INFO - [screen_translator.py:406] - 开始截图
2025-11-27 15:39:17,858 - INFO - [screen_translator.py:410] - 截图完成
2025-11-27 15:39:17,858 - INFO - [screen_translator.py:415] - 截图成功
2025-11-27 15:39:17,859 - INFO - [screen_translator.py:420] - 转换为Bytes
2025-11-27 15:39:27,261 - INFO - [screen_translator.py:337] - 程序启动初始化...
2025-11-27 15:39:27,348 - INFO - [screen_translator.py:78] - 配置加载成功
2025-11-27 15:39:28,774 - INFO - [screen_translator.py:399] - 触发翻译
2025-11-27 15:39:28,774 - INFO - [screen_translator.py:406] - 开始截图
2025-11-27 15:39:28,860 - INFO - [screen_translator.py:410] - 截图完成
2025-11-27 15:39:28,860 - INFO - [screen_translator.py:415] - 截图成功
2025-11-27 15:39:28,860 - INFO - [screen_translator.py:421] - 转换为Bytes
2025-11-27 15:39:38,538 - INFO - [screen_translator.py:337] - 程序启动初始化...
2025-11-27 15:39:38,631 - INFO - [screen_translator.py:78] - 配置加载成功
2025-11-27 15:39:42,655 - INFO - [screen_translator.py:399] - 触发翻译
2025-11-27 15:39:42,655 - INFO - [screen_translator.py:406] - 开始截图
2025-11-27 15:39:42,745 - INFO - [screen_translator.py:410] - 截图完成
2025-11-27 15:39:42,745 - INFO - [screen_translator.py:415] - 截图成功
2025-11-27 15:45:06,330 - INFO - [screen_translator.py:338] - 程序启动初始化...
2025-11-27 15:45:06,481 - INFO - [screen_translator.py:79] - 配置加载成功
2025-11-27 15:45:09,673 - INFO - [screen_translator.py:400] - 触发翻译
2025-11-27 15:45:09,674 - INFO - [screen_translator.py:435] - 检测到 Darwin 系统，使用 Pillow ImageGrab 进行截图
2025-11-27 15:45:09,855 - INFO - [screen_translator.py:121] - 开始处理翻译任务...
2025-11-27 15:45:10,001 - WARNING - [screen_translator.py:143] - OCR 未识别到任何文字
2025-11-27 15:45:16,991 - INFO - [screen_translator.py:377] - 用户开始选择区域
2025-11-27 15:45:18,670 - INFO - [screen_translator.py:383] - 区域已更新: PyQt6.QtCore.QRect(618, 276, 624, 126)
2025-11-27 15:45:18,673 - INFO - [screen_translator.py:91] - 配置保存成功
2025-11-27 15:45:22,271 - INFO - [screen_translator.py:400] - 触发翻译
2025-11-27 15:45:22,271 - INFO - [screen_translator.py:435] - 检测到 Darwin 系统，使用 Pillow ImageGrab 进行截图
2025-11-27 15:45:22,492 - INFO - [screen_translator.py:121] - 开始处理翻译任务...
2025-11-27 15:45:22,818 - INFO - [screen_translator.py:147] - OCR 识别成功: rr ee...
2025-11-27 15:50:40,550 - INFO - [screen_translator.py:383] - 程序启动初始化...
2025-11-27 15:50:40,653 - INFO - [screen_translator.py:79] - 配置加载成功
2025-11-27 15:50:42,958 - INFO - [screen_translator.py:446] - 触发翻译
2025-11-27 15:50:42,958 - INFO - [screen_translator.py:481] - 检测到 Darwin 系统，使用 Pillow ImageGrab 进行截图
2025-11-27 15:50:43,142 - INFO - [screen_translator.py:121] - 开始处理翻译任务...
2025-11-27 15:51:53,789 - INFO - [screen_translator.py:383] - 程序启动初始化...
2025-11-27 15:51:53,907 - INFO - [screen_translator.py:79] - 配置加载成功
2025-11-27 15:51:55,537 - INFO - [screen_translator.py:446] - 触发翻译
2025-11-27 15:51:55,537 - INFO - [screen_translator.py:481] - 检测到 Darwin 系统，使用 Pillow ImageGrab 进行截图
2025-11-27 15:51:55,726 - INFO - [screen_translator.py:121] - 开始处理翻译任务...
2025-11-27 15:52:12,383 - INFO - [screen_translator.py:383] - 程序启动初始化...
2025-11-27 15:52:12,502 - INFO - [screen_translator.py:79] - 配置加载成功
2025-11-27 15:52:13,819 - INFO - [screen_translator.py:446] - 触发翻译
2025-11-27 15:52:13,820 - INFO - [screen_translator.py:481] - 检测到 Darwin 系统，使用 Pillow ImageGrab 进行截图
2025-11-27 15:52:13,996 - INFO - [screen_translator.py:121] - 开始处理翻译任务...
2025-11-27 15:52:14,353 - INFO - [screen_translator.py:147] - OCR 识别成功: ee...
2025-11-27 15:52:23,842 - INFO - [screen_translator.py:423] - 用户开始选择区域
2025-11-27 15:52:27,301 - INFO - [screen_translator.py:423] - 用户开始选择区域
2025-11-27 15:52:30,170 - INFO - [screen_translator.py:429] - 区域已更新: PyQt6.QtCore.QRect(1, 4, 139, 50)
2025-11-27 15:52:30,172 - INFO - [screen_translator.py:91] - 配置保存成功
2025-11-27 15:52:31,769 - INFO - [screen_translator.py:446] - 触发翻译
2025-11-27 15:52:31,769 - INFO - [screen_translator.py:481] - 检测到 Darwin 系统，使用 Pillow ImageGrab 进行截图
2025-11-27 15:52:31,892 - INFO - [screen_translator.py:121] - 开始处理翻译任务...
2025-11-27 15:52:32,028 - INFO - [screen_translator.py:147] - OCR 识别成功: cy Ree

[erator unag...
2025-11-27 15:52:54,059 - INFO - [screen_translator.py:531] - 程序正常退出
2025-11-27 16:02:03,653 - INFO - [screen_translator.py:383] - 程序启动初始化...
2025-11-27 16:02:03,759 - INFO - [screen_translator.py:79] - 配置加载成功
2025-11-27 16:04:00,218 - INFO - [screen_translator.py:383] - 程序启动初始化...
2025-11-27 16:04:00,344 - INFO - [screen_translator.py:79] - 配置加载成功
2025-11-27 16:04:00,345 - WARNING - [screen_translator.py:409] - 未找到 tray.icon，使用默认图标
2025-11-27 16:04:13,358 - INFO - [screen_translator.py:383] - 程序启动初始化...
2025-11-27 16:04:13,444 - INFO - [screen_translator.py:79] - 配置加载成功
2025-11-27 16:04:13,497 - INFO - [screen_translator.py:406] - 已加载图标: tray.icon
